<?xml version="1.0" encoding="UTF-8"?>
<robot generator="Robot 7.0 (Python 3.9.6 on darwin)" generated="2024-02-13T18:27:07.392772" rpa="false" schemaversion="5">
<suite id="s1" name="BrowserTest4" source="/Users/milan/Škola/DP/program/rf-test/BrowserTest4.robot">
<test id="s1-t1" name="DP Test 4 HTMX Website Navigation" line="11">
<kw name="Open Browser" owner="SeleniumLibrary">
<msg time="2024-02-13T18:27:07.469553" level="INFO">Opening browser 'Chrome' to base url 'https://htmx.org/'.</msg>
<arg>${HTMX_HOME}</arg>
<arg>${BROWSER}</arg>
<doc>Opens a new browser instance to the optional ``url``.</doc>
<status status="PASS" start="2024-02-13T18:27:07.469405" elapsed="1.566512"/>
</kw>
<kw name="Set Window Size" owner="SeleniumLibrary">
<arg>1501</arg>
<arg>1104</arg>
<doc>Sets current windows size to given ``width`` and ``height``.</doc>
<status status="PASS" start="2024-02-13T18:27:09.036328" elapsed="0.111874"/>
</kw>
<kw name="Location Should Be" owner="SeleniumLibrary">
<msg time="2024-02-13T18:27:09.151247" level="INFO">Current location is 'https://htmx.org/'.</msg>
<arg>${HTMX_HOME}</arg>
<doc>Verifies that the current URL is exactly ``url``.</doc>
<status status="PASS" start="2024-02-13T18:27:09.148400" elapsed="0.002895"/>
</kw>
<kw name="The Title Should Be">
<kw name="Get Title" owner="SeleniumLibrary">
<msg time="2024-02-13T18:27:09.154628" level="INFO">${title} = &lt;/&gt; htmx - high power tools for html</msg>
<var>${title}</var>
<doc>Returns the title of the current page.</doc>
<status status="PASS" start="2024-02-13T18:27:09.151819" elapsed="0.002842"/>
</kw>
<kw name="Should Be Equal As Strings" owner="BuiltIn">
<arg>${title}</arg>
<arg>${expected_title}</arg>
<doc>Fails if objects are unequal after converting them to strings.</doc>
<status status="PASS" start="2024-02-13T18:27:09.154818" elapsed="0.000195"/>
</kw>
<arg>&lt;/&gt; htmx - high power tools for html</arg>
<status status="PASS" start="2024-02-13T18:27:09.151562" elapsed="0.003501"/>
</kw>
<kw name="Click Element" owner="SeleniumLibrary">
<msg time="2024-02-13T18:27:09.155502" level="INFO">Clicking element 'xpath=//*[@id="nav"]/div[1]/div[1]/a'.</msg>
<arg>xpath=//*[@id="nav"]/div[1]/div[1]/a</arg>
<doc>Click the element identified by ``locator``.</doc>
<status status="PASS" start="2024-02-13T18:27:09.155194" elapsed="0.031994"/>
</kw>
<kw name="Wait For Condition" owner="SeleniumLibrary">
<arg>return document.readyState == 'complete'</arg>
<doc>Waits until ``condition`` is true or ``timeout`` expires.</doc>
<status status="PASS" start="2024-02-13T18:27:09.187420" elapsed="0.009257"/>
</kw>
<kw name="Sleep" owner="BuiltIn">
<msg time="2024-02-13T18:27:11.198087" level="INFO">Slept 2 seconds.</msg>
<arg>2s</arg>
<doc>Pauses the test executed for the given time.</doc>
<status status="PASS" start="2024-02-13T18:27:09.197003" elapsed="2.001996"/>
</kw>
<kw name="Click Element" owner="SeleniumLibrary">
<msg time="2024-02-13T18:27:11.201961" level="INFO">Clicking element 'xpath=//*[@id="contents"]/ul/li[3]/ul/li[1]/a'.</msg>
<arg>xpath=//*[@id="contents"]/ul/li[3]/ul/li[1]/a</arg>
<doc>Click the element identified by ``locator``.</doc>
<status status="PASS" start="2024-02-13T18:27:11.200840" elapsed="0.046323"/>
</kw>
<kw name="Wait For Condition" owner="SeleniumLibrary">
<arg>return document.readyState == 'complete'</arg>
<doc>Waits until ``condition`` is true or ``timeout`` expires.</doc>
<status status="PASS" start="2024-02-13T18:27:11.247419" elapsed="0.003001"/>
</kw>
<kw name="Click Element" owner="SeleniumLibrary">
<msg time="2024-02-13T18:27:11.250776" level="INFO">Clicking element 'xpath=//*[@id="contents"]/ul/li[3]/ul/li[4]/a'.</msg>
<arg>xpath=//*[@id="contents"]/ul/li[3]/ul/li[4]/a</arg>
<doc>Click the element identified by ``locator``.</doc>
<status status="PASS" start="2024-02-13T18:27:11.250615" elapsed="0.025400"/>
</kw>
<kw name="Wait For Condition" owner="SeleniumLibrary">
<arg>return document.readyState == 'complete'</arg>
<doc>Waits until ``condition`` is true or ``timeout`` expires.</doc>
<status status="PASS" start="2024-02-13T18:27:11.276291" elapsed="0.002705"/>
</kw>
<kw name="Close Browser" owner="SeleniumLibrary" type="TEARDOWN">
<doc>Closes the current browser.</doc>
<status status="PASS" start="2024-02-13T18:27:11.279261" elapsed="0.069559"/>
</kw>
<doc>Automates navigation and interaction on the htmx.org website based on DP Test 4 recording.</doc>
<status status="PASS" start="2024-02-13T18:27:07.468785" elapsed="3.880145"/>
</test>
<doc>DP Test 4 scenario automation for htmx.org using SeleniumLibrary.</doc>
<status status="PASS" start="2024-02-13T18:27:07.393465" elapsed="3.955814"/>
</suite>
<statistics>
<total>
<stat pass="1" fail="0" skip="0">All Tests</stat>
</total>
<tag>
</tag>
<suite>
<stat pass="1" fail="0" skip="0" id="s1" name="BrowserTest4">BrowserTest4</stat>
</suite>
</statistics>
<errors>
</errors>
</robot>
