<?xml version="1.0" encoding="UTF-8"?>
<robot generator="Robot 7.0 (Python 3.12.2 on darwin)" generated="2024-04-04T10:14:42.664465" rpa="false" schemaversion="5">
<suite id="s1" name="Spec-11-4" source="/Users/milan/Škola/DP/program/tbuis/../generated/spec-11-4.robot">
<test id="s1-t1" name="Check Benjamin Green, Mia Orange, Charlotte Purple, and Isabella Yellow are present" line="8">
<kw name="Open Browser" owner="SeleniumLibrary" type="SETUP">
<msg time="2024-04-04T10:14:42.714573" level="INFO">Opening browser 'Chrome' to base url 'http://localhost:4680/tbuis'.</msg>
<arg>${URL}</arg>
<arg>Chrome</arg>
<doc>Opens a new browser instance to the optional ``url``.</doc>
<status status="PASS" start="2024-04-04T10:14:42.714449" elapsed="0.584379"/>
</kw>
<kw name="Click Element" owner="SeleniumLibrary">
<msg time="2024-04-04T10:14:43.300135" level="INFO">Clicking element 'xpath=//*[@id="main"]'.</msg>
<msg time="2024-04-04T10:14:43.560427" level="INFO" html="true">&lt;/td&gt;&lt;/tr&gt;&lt;tr&gt;&lt;td colspan="3"&gt;&lt;a href="selenium-screenshot-3.png"&gt;&lt;img src="selenium-screenshot-3.png" width="800px"&gt;&lt;/a&gt;</msg>
<msg time="2024-04-04T10:14:43.560546" level="FAIL">Element with locator 'xpath=//*[@id="main"]' not found.</msg>
<arg>xpath=//*[@id="main"]</arg>
<doc>Click the element identified by ``locator``.</doc>
<status status="FAIL" start="2024-04-04T10:14:43.299805" elapsed="0.262551">Element with locator 'xpath=//*[@id="main"]' not found.</status>
</kw>
<kw name="Click Element" owner="SeleniumLibrary">
<arg>xpath=//*[@aria-label="Username"]</arg>
<doc>Click the element identified by ``locator``.</doc>
<status status="NOT RUN" start="2024-04-04T10:14:43.562508" elapsed="0.000019"/>
</kw>
<kw name="Input Text" owner="SeleniumLibrary">
<arg>xpath=//*[@aria-label="Username"]</arg>
<arg>pedant</arg>
<doc>Types the given ``text`` into the text field identified by ``locator``.</doc>
<status status="NOT RUN" start="2024-04-04T10:14:43.562595" elapsed="0.000011"/>
</kw>
<kw name="Click Element" owner="SeleniumLibrary">
<arg>xpath=//*[@aria-label="Password"]</arg>
<doc>Click the element identified by ``locator``.</doc>
<status status="NOT RUN" start="2024-04-04T10:14:43.562656" elapsed="0.000010"/>
</kw>
<kw name="Input Text" owner="SeleniumLibrary">
<arg>xpath=//*[@aria-label="Password"]</arg>
<arg>pass</arg>
<doc>Types the given ``text`` into the text field identified by ``locator``.</doc>
<status status="NOT RUN" start="2024-04-04T10:14:43.562707" elapsed="0.000009"/>
</kw>
<kw name="Click Element" owner="SeleniumLibrary">
<arg>xpath=//*[@aria-label="Login"]</arg>
<doc>Click the element identified by ``locator``.</doc>
<status status="NOT RUN" start="2024-04-04T10:14:43.562756" elapsed="0.000008"/>
</kw>
<kw name="Click Element" owner="SeleniumLibrary">
<arg>xpath=//*[@aria-label="Subjects"]</arg>
<doc>Click the element identified by ``locator``.</doc>
<status status="NOT RUN" start="2024-04-04T10:14:43.562804" elapsed="0.000007"/>
</kw>
<kw name="Click Element" owner="SeleniumLibrary">
<arg>xpath=//*[@aria-label="Students (4)"]</arg>
<doc>Click the element identified by ``locator``.</doc>
<status status="NOT RUN" start="2024-04-04T10:14:43.562847" elapsed="0.000008"/>
</kw>
<kw name="Element Text Should Be" owner="SeleniumLibrary">
<arg>xpath=//*[@aria-label="Students (4)"]</arg>
<arg>Students 4</arg>
<doc>Verifies that element ``locator`` contains exact the text ``expected``.</doc>
<status status="NOT RUN" start="2024-04-04T10:14:43.562906" elapsed="0.000008"/>
</kw>
<kw name="Click Element" owner="SeleniumLibrary">
<arg>xpath=//*[@aria-label="closeModalButtonCross"]</arg>
<doc>Click the element identified by ``locator``.</doc>
<status status="NOT RUN" start="2024-04-04T10:14:43.562955" elapsed="0.000008"/>
</kw>
<kw name="Element Text Should Be" owner="SeleniumLibrary">
<arg>xpath=//*[@aria-label="Students (4)"]</arg>
<arg>Students 4</arg>
<doc>Verifies that element ``locator`` contains exact the text ``expected``.</doc>
<status status="NOT RUN" start="2024-04-04T10:14:43.563000" elapsed="0.000008"/>
</kw>
<kw name="Close Browser" owner="SeleniumLibrary" type="TEARDOWN">
<doc>Closes the current browser.</doc>
<status status="PASS" start="2024-04-04T10:14:43.563138" elapsed="0.067148"/>
</kw>
<status status="FAIL" start="2024-04-04T10:14:42.713942" elapsed="0.916506">Element with locator 'xpath=//*[@id="main"]' not found.</status>
</test>
<status status="FAIL" start="2024-04-04T10:14:42.665468" elapsed="0.965316"/>
</suite>
<statistics>
<total>
<stat pass="0" fail="1" skip="0">All Tests</stat>
</total>
<tag>
</tag>
<suite>
<stat pass="0" fail="1" skip="0" id="s1" name="Spec-11-4">Spec-11-4</stat>
</suite>
</statistics>
<errors>
</errors>
</robot>
